
Showing logs for build [32mcb-kubecd-environment-pr-187-5-czgbd-1[0m stage [32mfrom-build-pack[0m and container [32mstep-credential-initializer-khnr9[0m
{"level":"warn","ts":1584765360.3341532,"logger":"fallback-logger","caller":"logging/config.go:69","msg":"Fetch GitHub commit ID from kodata failed: \"ref: refs/heads/0.8.0-**-support-backwards-incompats\" is not a valid GitHub commit ID"}
{"level":"info","ts":1584765360.3352373,"logger":"fallback-logger","caller":"creds-init/main.go:40","msg":"Credentials initialized."}

Showing logs for build [32mcb-kubecd-environment-pr-187-5-czgbd-1[0m stage [32mfrom-build-pack[0m and container [32mstep-working-dir-initializer-vj924[0m
{"level":"warn","ts":1584765361.3541522,"logger":"fallback-logger","caller":"logging/config.go:69","msg":"Fetch GitHub commit ID from kodata failed: open /var/run/ko/HEAD: no such file or directory"}
{"level":"info","ts":1584765361.3554533,"logger":"fallback-logger","caller":"bash/main.go:64","msg":"Successfully executed command \"sh -c mkdir -p /workspace/source\"; output "}

Showing logs for build [32mcb-kubecd-environment-pr-187-5-czgbd-1[0m stage [32mfrom-build-pack[0m and container [32mstep-place-tools[0m

Showing logs for build [32mcb-kubecd-environment-pr-187-5-czgbd-1[0m stage [32mfrom-build-pack[0m and container [32mstep-git-source-cb-kubecd-environment-pr-187-5-czgbd-xnm8s[0m
{"level":"warn","ts":1584765364.518389,"logger":"fallback-logger","caller":"logging/config.go:69","msg":"Fetch GitHub commit ID from kodata failed: \"ref: refs/heads/0.8.0-**-support-backwards-incompats\" is not a valid GitHub commit ID"}
{"level":"info","ts":1584765365.5303948,"logger":"fallback-logger","caller":"git/git.go:103","msg":"Successfully cloned https://github.com/cb-kubecd/environment-pr-187-5-boot-gke-production.git @ master in path /workspace/source"}

Showing logs for build [32mcb-kubecd-environment-pr-187-5-czgbd-1[0m stage [32mfrom-build-pack[0m and container [32mstep-git-merge[0m
Using SHAs from PULL_REFS=master:b1a5ce58ce3566f1098a0b07844230a456243ad2,1:1aa15fc3c99e45e3e700e2d31e0c78326d3ce588
DEBUG: JX_LOG_LEVEL=error LC_ALL=C git fetch origin --unshallow 1aa15fc3c99e45e3e700e2d31e0c78326d3ce588: b1a5ce58ce3566f1098a0b07844230a456243ad2:
DEBUG: ran git fetch --unshallow origin 1aa15fc3c99e45e3e700e2d31e0c78326d3ce588: b1a5ce58ce3566f1098a0b07844230a456243ad2: in 
DEBUG: JX_LOG_LEVEL=error LC_ALL=C git branch
DEBUG: JX_LOG_LEVEL=error LC_ALL=C git checkout master
DEBUG: ran git checkout master in 
DEBUG: LC_ALL=C JX_LOG_LEVEL=error git reset --hard b1a5ce58ce3566f1098a0b07844230a456243ad2
DEBUG: ran git reset --hard b1a5ce58ce3566f1098a0b07844230a456243ad2 in 
DEBUG: LC_ALL=C JX_LOG_LEVEL=error git clean -fd .
DEBUG: ran clean --force -d . in 
DEBUG: LC_ALL=C JX_LOG_LEVEL=error git merge 1aa15fc3c99e45e3e700e2d31e0c78326d3ce588
DEBUG: ran git merge 1aa15fc3c99e45e3e700e2d31e0c78326d3ce588 in 
DEBUG: LC_ALL=C JX_LOG_LEVEL=error git log --format=%H%x1f%an%x1f%ae%x1f%cn%x1f%ce%x1f%s%n%b%x1e b1a5ce58ce3566f1098a0b07844230a456243ad2..HEAD
Merged SHA 1aa15fc3c99e45e3e700e2d31e0c78326d3ce588 with commit message 'chore: Promote bdd-spring-1584764516 to version 0.0.1' into base branch master

Showing logs for build [32mcb-kubecd-environment-pr-187-5-czgbd-1[0m stage [32mfrom-build-pack[0m and container [32mstep-build-helm-build[0m
WARNING: No $CHART_REPOSITORY defined so using the default value of: http://jenkins-x-chartmuseum:8080
Adding missing Helm repo: storage.googleapis.com https://storage.googleapis.com/chartmuseum.jenkins-x.io
WARNING: No secrets found on "helm/repos" due: reading the secret "helm/repos" from vault: no secret "helm/repos" not found in vault
Read credentials for https://storage.googleapis.com/chartmuseum.jenkins-x.io from vault helm/repos
Successfully added Helm repository storage.googleapis.com.
Adding missing Helm repo: jenkins-x-chartmuseum http://jenkins-x-chartmuseum:8080
WARNING: No secrets found on "helm/repos" due: reading the secret "helm/repos" from vault: no secret "helm/repos" not found in vault
Read credentials for http://jenkins-x-chartmuseum:8080 from vault helm/repos
Successfully added Helm repository jenkins-x-chartmuseum.
WARNING: No $CHART_REPOSITORY defined so using the default value of: http://jenkins-x-chartmuseum:8080
Adding missing Helm repo: chartmuseum.jenkins-x.io http://chartmuseum.jenkins-x.io
WARNING: No secrets found on "helm/repos" due: reading the secret "helm/repos" from vault: no secret "helm/repos" not found in vault
Read credentials for http://chartmuseum.jenkins-x.io from vault helm/repos
Successfully added Helm repository chartmuseum.jenkins-x.io.
